0 info it worked if it ends with ok
1 verbose cli [ '/usr/bin/nodejs', '/usr/bin/npm', 'run', 'devstart' ]
2 info using npm@3.5.2
3 info using node@v4.2.6
4 verbose run-script [ 'predevstart', 'devstart', 'postdevstart' ]
5 info lifecycle digital-palengke@0.0.0~predevstart: digital-palengke@0.0.0
6 silly lifecycle digital-palengke@0.0.0~predevstart: no script for predevstart, continuing
7 info lifecycle digital-palengke@0.0.0~devstart: digital-palengke@0.0.0
8 verbose lifecycle digital-palengke@0.0.0~devstart: unsafe-perm in lifecycle true
9 verbose lifecycle digital-palengke@0.0.0~devstart: PATH: /usr/share/npm/bin/node-gyp-bin:/home/jsdgsevilla/Desktop/digital_palengke(done)/node_modules/.bin:/home/jsdgsevilla/bin:/home/jsdgsevilla/.local/bin:/usr/local/sbin:/usr/local/bin:/usr/sbin:/usr/bin:/sbin:/bin:/usr/games:/usr/local/games:/snap/bin
10 verbose lifecycle digital-palengke@0.0.0~devstart: CWD: /home/jsdgsevilla/Desktop/digital_palengke(done)
11 silly lifecycle digital-palengke@0.0.0~devstart: Args: [ '-c', 'nodemon ./bin/www' ]
12 silly lifecycle digital-palengke@0.0.0~devstart: Returned: code: 1  signal: null
13 info lifecycle digital-palengke@0.0.0~devstart: Failed to exec devstart script
14 verbose stack Error: digital-palengke@0.0.0 devstart: `nodemon ./bin/www`
14 verbose stack Exit status 1
14 verbose stack     at EventEmitter.<anonymous> (/usr/share/npm/lib/utils/lifecycle.js:232:16)
14 verbose stack     at emitTwo (events.js:87:13)
14 verbose stack     at EventEmitter.emit (events.js:172:7)
14 verbose stack     at ChildProcess.<anonymous> (/usr/share/npm/lib/utils/spawn.js:24:14)
14 verbose stack     at emitTwo (events.js:87:13)
14 verbose stack     at ChildProcess.emit (events.js:172:7)
14 verbose stack     at maybeClose (internal/child_process.js:821:16)
14 verbose stack     at Process.ChildProcess._handle.onexit (internal/child_process.js:211:5)
15 verbose pkgid digital-palengke@0.0.0
16 verbose cwd /home/jsdgsevilla/Desktop/digital_palengke(done)
17 error Linux 4.4.0-98-generic
18 error argv "/usr/bin/nodejs" "/usr/bin/npm" "run" "devstart"
19 error node v4.2.6
20 error npm  v3.5.2
21 error code ELIFECYCLE
22 error digital-palengke@0.0.0 devstart: `nodemon ./bin/www`
22 error Exit status 1
23 error Failed at the digital-palengke@0.0.0 devstart script 'nodemon ./bin/www'.
23 error Make sure you have the latest version of node.js and npm installed.
23 error If you do, this is most likely a problem with the digital-palengke package,
23 error not with npm itself.
23 error Tell the author that this fails on your system:
23 error     nodemon ./bin/www
23 error You can get information on how to open an issue for this project with:
23 error     npm bugs digital-palengke
23 error Or if that isn't available, you can get their info via:
23 error     npm owner ls digital-palengke
23 error There is likely additional logging output above.
24 verbose exit [ 1, true ]
